WARNING: HADOOP_PREFIX has been replaced by HADOOP_HOME. Using value of HADOOP_PREFIX.
2018-08-17 14:27:34,178 WARN util.NativeCodeLoader: Unable to load native-hadoop library for your platform... using builtin-java classes where applicable
2018-08-17 14:27:35,283 INFO impl.MetricsConfig: loaded properties from hadoop-metrics2.properties
2018-08-17 14:27:35,369 INFO impl.MetricsSystemImpl: Scheduled Metric snapshot period at 10 second(s).
2018-08-17 14:27:35,369 INFO impl.MetricsSystemImpl: JobTracker metrics system started
2018-08-17 14:27:35,944 INFO input.FileInputFormat: Total input files to process : 3
2018-08-17 14:27:35,982 INFO mapreduce.JobSubmitter: number of splits:3
2018-08-17 14:27:36,151 INFO mapreduce.JobSubmitter: Submitting tokens for job: job_local604545315_0001
2018-08-17 14:27:36,152 INFO mapreduce.JobSubmitter: Executing with tokens: []
2018-08-17 14:27:36,334 INFO mapreduce.Job: The url to track the job: http://localhost:8080/
2018-08-17 14:27:36,334 INFO mapreduce.Job: Running job: job_local604545315_0001
2018-08-17 14:27:36,338 INFO mapred.LocalJobRunner: OutputCommitter set in config null
2018-08-17 14:27:36,348 INFO output.FileOutputCommitter: File Output Committer Algorithm version is 2
2018-08-17 14:27:36,348 INFO output.FileOutputCommitter: FileOutputCommitter skip cleanup _temporary folders under output directory:false, ignore cleanup failures: false
2018-08-17 14:27:36,348 INFO mapred.LocalJobRunner: OutputCommitter is org.apache.hadoop.mapreduce.lib.output.FileOutputCommitter
2018-08-17 14:27:36,426 INFO mapred.LocalJobRunner: Waiting for map tasks
2018-08-17 14:27:36,427 INFO mapred.LocalJobRunner: Starting task: attempt_local604545315_0001_m_000000_0
2018-08-17 14:27:36,463 INFO output.FileOutputCommitter: File Output Committer Algorithm version is 2
2018-08-17 14:27:36,463 INFO output.FileOutputCommitter: FileOutputCommitter skip cleanup _temporary folders under output directory:false, ignore cleanup failures: false
2018-08-17 14:27:36,487 INFO mapred.Task:  Using ResourceCalculatorProcessTree : [ ]
2018-08-17 14:27:36,490 INFO mapred.MapTask: Processing split: hdfs://master:54310/user/hduser/lajmet/test/crawled10000IndexOnline.txt:0+4240727
2018-08-17 14:27:36,565 INFO mapred.MapTask: (EQUATOR) 0 kvi 26214396(104857584)
2018-08-17 14:27:36,566 INFO mapred.MapTask: mapreduce.task.io.sort.mb: 100
2018-08-17 14:27:36,566 INFO mapred.MapTask: soft limit at 83886080
2018-08-17 14:27:36,566 INFO mapred.MapTask: bufstart = 0; bufvoid = 104857600
2018-08-17 14:27:36,566 INFO mapred.MapTask: kvstart = 26214396; length = 6553600
2018-08-17 14:27:36,568 INFO mapred.MapTask: Map output collector class = org.apache.hadoop.mapred.MapTask$MapOutputBuffer
2018-08-17 14:27:37,337 INFO mapreduce.Job: Job job_local604545315_0001 running in uber mode : false
2018-08-17 14:27:37,338 INFO mapreduce.Job:  map 0% reduce 0%
2018-08-17 14:27:37,753 INFO mapred.LocalJobRunner:
2018-08-17 14:27:37,758 INFO mapred.MapTask: Starting flush of map output
2018-08-17 14:27:37,759 INFO mapred.MapTask: Spilling map output
2018-08-17 14:27:37,759 INFO mapred.MapTask: bufstart = 0; bufend = 6503408; bufvoid = 104857600
2018-08-17 14:27:37,759 INFO mapred.MapTask: kvstart = 26214396(104857584); kvend = 23938212(95752848); length = 2276185/6553600
2018-08-17 14:27:39,252 INFO mapred.MapTask: Finished spill 0
2018-08-17 14:27:39,278 INFO mapred.Task: Task:attempt_local604545315_0001_m_000000_0 is done. And is in the process of committing
2018-08-17 14:27:39,282 INFO mapred.LocalJobRunner: map
2018-08-17 14:27:39,282 INFO mapred.Task: Task 'attempt_local604545315_0001_m_000000_0' done.
2018-08-17 14:27:39,295 INFO mapred.Task: Final Counters for attempt_local604545315_0001_m_000000_0: Counters: 23
        File System Counters
                FILE: Number of bytes read=316528
                FILE: Number of bytes written=2317944
                FILE: Number of read operations=0
                FILE: Number of large read operations=0
                FILE: Number of write operations=0
                HDFS: Number of bytes read=4240727
                HDFS: Number of bytes written=0
                HDFS: Number of read operations=5
                HDFS: Number of large read operations=0
                HDFS: Number of write operations=1
        Map-Reduce Framework
                Map input records=34861
                Map output records=569047
                Map output bytes=6503408
                Map output materialized bytes=1533542
                Input split bytes=136
                Combine input records=569047
                Combine output records=81878
                Spilled Records=81878
                Failed Shuffles=0
                Merged Map outputs=0
                GC time elapsed (ms)=36
                Total committed heap usage (bytes)=167841792
        File Input Format Counters
                Bytes Read=4240727
2018-08-17 14:27:39,295 INFO mapred.LocalJobRunner: Finishing task: attempt_local604545315_0001_m_000000_0
2018-08-17 14:27:39,297 INFO mapred.LocalJobRunner: Starting task: attempt_local604545315_0001_m_000001_0
2018-08-17 14:27:39,297 INFO output.FileOutputCommitter: File Output Committer Algorithm version is 2
2018-08-17 14:27:39,297 INFO output.FileOutputCommitter: FileOutputCommitter skip cleanup _temporary folders under output directory:false, ignore cleanup failures: false
2018-08-17 14:27:39,298 INFO mapred.Task:  Using ResourceCalculatorProcessTree : [ ]
2018-08-17 14:27:39,299 INFO mapred.MapTask: Processing split: hdfs://master:54310/user/hduser/lajmet/test/crawled10000Kohanet.txt:0+3869972
2018-08-17 14:27:39,340 INFO mapreduce.Job:  map 100% reduce 0%
2018-08-17 14:27:39,349 INFO mapred.MapTask: (EQUATOR) 0 kvi 26214396(104857584)
2018-08-17 14:27:39,354 INFO mapred.MapTask: mapreduce.task.io.sort.mb: 100
2018-08-17 14:27:39,354 INFO mapred.MapTask: soft limit at 83886080
2018-08-17 14:27:39,354 INFO mapred.MapTask: bufstart = 0; bufvoid = 104857600
2018-08-17 14:27:39,354 INFO mapred.MapTask: kvstart = 26214396; length = 6553600
2018-08-17 14:27:39,358 INFO mapred.MapTask: Map output collector class = org.apache.hadoop.mapred.MapTask$MapOutputBuffer
2018-08-17 14:27:39,883 INFO mapred.LocalJobRunner:
2018-08-17 14:27:39,883 INFO mapred.MapTask: Starting flush of map output
2018-08-17 14:27:39,883 INFO mapred.MapTask: Spilling map output
2018-08-17 14:27:39,884 INFO mapred.MapTask: bufstart = 0; bufend = 6143492; bufvoid = 104857600
2018-08-17 14:27:39,884 INFO mapred.MapTask: kvstart = 26214396(104857584); kvend = 23931772(95727088); length = 2282625/6553600
2018-08-17 14:27:40,341 INFO mapreduce.Job:  map 33% reduce 0%
2018-08-17 14:27:40,617 INFO mapred.MapTask: Finished spill 0
2018-08-17 14:27:40,633 INFO mapred.Task: Task:attempt_local604545315_0001_m_000001_0 is done. And is in the process of committing
2018-08-17 14:27:40,636 INFO mapred.LocalJobRunner: map
2018-08-17 14:27:40,636 INFO mapred.Task: Task 'attempt_local604545315_0001_m_000001_0' done.
2018-08-17 14:27:40,636 INFO mapred.Task: Final Counters for attempt_local604545315_0001_m_000001_0: Counters: 23
        File System Counters
                FILE: Number of bytes read=316948
                FILE: Number of bytes written=3698818
                FILE: Number of read operations=0
                FILE: Number of large read operations=0
                FILE: Number of write operations=0
                HDFS: Number of bytes read=8110699
                HDFS: Number of bytes written=0
                HDFS: Number of read operations=7
                HDFS: Number of large read operations=0
                HDFS: Number of write operations=1
        Map-Reduce Framework
                Map input records=27421
                Map output records=570657
                Map output bytes=6143492
                Map output materialized bytes=1380842
                Input split bytes=132
                Combine input records=570657
                Combine output records=76103
                Spilled Records=76103
                Failed Shuffles=0
                Merged Map outputs=0
                GC time elapsed (ms)=26
                Total committed heap usage (bytes)=215027712
        File Input Format Counters
                Bytes Read=3869972
2018-08-17 14:27:40,636 INFO mapred.LocalJobRunner: Finishing task: attempt_local604545315_0001_m_000001_0
2018-08-17 14:27:40,637 INFO mapred.LocalJobRunner: Starting task: attempt_local604545315_0001_m_000002_0
2018-08-17 14:27:40,640 INFO output.FileOutputCommitter: File Output Committer Algorithm version is 2
2018-08-17 14:27:40,640 INFO output.FileOutputCommitter: FileOutputCommitter skip cleanup _temporary folders under output directory:false, ignore cleanup failures: false
2018-08-17 14:27:40,641 INFO mapred.Task:  Using ResourceCalculatorProcessTree : [ ]
2018-08-17 14:27:40,641 INFO mapred.MapTask: Processing split: hdfs://master:54310/user/hduser/lajmet/test/crawled10000GExpress.txt:0+2126857
2018-08-17 14:27:40,696 INFO mapred.MapTask: (EQUATOR) 0 kvi 26214396(104857584)
2018-08-17 14:27:40,696 INFO mapred.MapTask: mapreduce.task.io.sort.mb: 100
2018-08-17 14:27:40,696 INFO mapred.MapTask: soft limit at 83886080
2018-08-17 14:27:40,696 INFO mapred.MapTask: bufstart = 0; bufvoid = 104857600
2018-08-17 14:27:40,696 INFO mapred.MapTask: kvstart = 26214396; length = 6553600
2018-08-17 14:27:40,696 INFO mapred.MapTask: Map output collector class = org.apache.hadoop.mapred.MapTask$MapOutputBuffer
2018-08-17 14:27:40,804 INFO mapred.LocalJobRunner:
2018-08-17 14:27:40,804 INFO mapred.MapTask: Starting flush of map output
2018-08-17 14:27:40,804 INFO mapred.MapTask: Spilling map output
2018-08-17 14:27:40,804 INFO mapred.MapTask: bufstart = 0; bufend = 3352824; bufvoid = 104857600
2018-08-17 14:27:40,804 INFO mapred.MapTask: kvstart = 26214396(104857584); kvend = 24981416(99925664); length = 1232981/6553600
2018-08-17 14:27:41,181 INFO mapred.MapTask: Finished spill 0
2018-08-17 14:27:41,187 INFO mapred.Task: Task:attempt_local604545315_0001_m_000002_0 is done. And is in the process of committing
2018-08-17 14:27:41,192 INFO mapred.LocalJobRunner: map
2018-08-17 14:27:41,192 INFO mapred.Task: Task 'attempt_local604545315_0001_m_000002_0' done.
2018-08-17 14:27:41,193 INFO mapred.Task: Final Counters for attempt_local604545315_0001_m_000002_0: Counters: 23
        File System Counters
                FILE: Number of bytes read=317368
                FILE: Number of bytes written=4686354
                FILE: Number of read operations=0
                FILE: Number of large read operations=0
                FILE: Number of write operations=0
                HDFS: Number of bytes read=10237556
                HDFS: Number of bytes written=0
                HDFS: Number of read operations=9
                HDFS: Number of large read operations=0
                HDFS: Number of write operations=1
        Map-Reduce Framework
                Map input records=6527
                Map output records=308246
                Map output bytes=3352824
                Map output materialized bytes=987504
                Input split bytes=133
                Combine input records=308246
                Combine output records=55445
                Spilled Records=55445
                Failed Shuffles=0
                Merged Map outputs=0
                GC time elapsed (ms)=27
                Total committed heap usage (bytes)=199823360
        File Input Format Counters
                Bytes Read=2126857
2018-08-17 14:27:41,193 INFO mapred.LocalJobRunner: Finishing task: attempt_local604545315_0001_m_000002_0
2018-08-17 14:27:41,194 INFO mapred.LocalJobRunner: map task executor complete.
2018-08-17 14:27:41,198 INFO mapred.LocalJobRunner: Waiting for reduce tasks
2018-08-17 14:27:41,198 INFO mapred.LocalJobRunner: Starting task: attempt_local604545315_0001_r_000000_0
2018-08-17 14:27:41,206 INFO output.FileOutputCommitter: File Output Committer Algorithm version is 2
2018-08-17 14:27:41,206 INFO output.FileOutputCommitter: FileOutputCommitter skip cleanup _temporary folders under output directory:false, ignore cleanup failures: false
2018-08-17 14:27:41,206 INFO mapred.Task:  Using ResourceCalculatorProcessTree : [ ]
2018-08-17 14:27:41,208 INFO mapred.ReduceTask: Using ShuffleConsumerPlugin: org.apache.hadoop.mapreduce.task.reduce.Shuffle@26252c8b
2018-08-17 14:27:41,209 WARN impl.MetricsSystemImpl: JobTracker metrics system already initialized!
2018-08-17 14:27:41,225 INFO reduce.MergeManagerImpl: MergerManager: memoryLimit=702441024, maxSingleShuffleLimit=175610256, mergeThreshold=463611104, ioSortFactor=10, memToMemMergeOutputsThreshold=10
2018-08-17 14:27:41,233 INFO reduce.EventFetcher: attempt_local604545315_0001_r_000000_0 Thread started: EventFetcher for fetching Map Completion Events
2018-08-17 14:27:41,275 INFO reduce.LocalFetcher: localfetcher#1 about to shuffle output of map attempt_local604545315_0001_m_000000_0 decomp: 1533538 len: 1533542 to MEMORY
2018-08-17 14:27:41,277 INFO reduce.InMemoryMapOutput: Read 1533538 bytes from map-output for attempt_local604545315_0001_m_000000_0
2018-08-17 14:27:41,278 INFO reduce.MergeManagerImpl: closeInMemoryFile -> map-output of size: 1533538, inMemoryMapOutputs.size() -> 1, commitMemory -> 0, usedMemory ->1533538
2018-08-17 14:27:41,284 INFO reduce.LocalFetcher: localfetcher#1 about to shuffle output of map attempt_local604545315_0001_m_000002_0 decomp: 987500 len: 987504 to MEMORY
2018-08-17 14:27:41,285 INFO reduce.InMemoryMapOutput: Read 987500 bytes from map-output for attempt_local604545315_0001_m_000002_0
2018-08-17 14:27:41,285 INFO reduce.MergeManagerImpl: closeInMemoryFile -> map-output of size: 987500, inMemoryMapOutputs.size() -> 2, commitMemory -> 1533538, usedMemory ->2521038
2018-08-17 14:27:41,288 INFO reduce.LocalFetcher: localfetcher#1 about to shuffle output of map attempt_local604545315_0001_m_000001_0 decomp: 1380838 len: 1380842 to MEMORY
2018-08-17 14:27:41,289 INFO reduce.InMemoryMapOutput: Read 1380838 bytes from map-output for attempt_local604545315_0001_m_000001_0
2018-08-17 14:27:41,291 INFO reduce.MergeManagerImpl: closeInMemoryFile -> map-output of size: 1380838, inMemoryMapOutputs.size() -> 3, commitMemory -> 2521038, usedMemory ->3901876
2018-08-17 14:27:41,292 INFO reduce.EventFetcher: EventFetcher is interrupted.. Returning
2018-08-17 14:27:41,293 INFO mapred.LocalJobRunner: 3 / 3 copied.
2018-08-17 14:27:41,293 INFO reduce.MergeManagerImpl: finalMerge called with 3 in-memory map-outputs and 0 on-disk map-outputs
2018-08-17 14:27:41,307 INFO mapred.Merger: Merging 3 sorted segments
2018-08-17 14:27:41,308 INFO mapred.Merger: Down to the last merge-pass, with 3 segments left of total size: 3901864 bytes
2018-08-17 14:27:41,341 INFO mapreduce.Job:  map 100% reduce 0%
2018-08-17 14:27:41,489 INFO reduce.MergeManagerImpl: Merged 3 segments, 3901876 bytes to disk to satisfy reduce memory limit
2018-08-17 14:27:41,490 INFO reduce.MergeManagerImpl: Merging 1 files, 3901876 bytes from disk
2018-08-17 14:27:41,490 INFO reduce.MergeManagerImpl: Merging 0 segments, 0 bytes from memory into reduce
2018-08-17 14:27:41,490 INFO mapred.Merger: Merging 1 sorted segments
2018-08-17 14:27:41,492 INFO mapred.Merger: Down to the last merge-pass, with 1 segments left of total size: 3901868 bytes
2018-08-17 14:27:41,492 INFO mapred.LocalJobRunner: 3 / 3 copied.
2018-08-17 14:27:41,535 INFO Configuration.deprecation: mapred.skip.on is deprecated. Instead, use mapreduce.job.skiprecords
2018-08-17 14:27:42,296 INFO mapred.Task: Task:attempt_local604545315_0001_r_000000_0 is done. And is in the process of committing
2018-08-17 14:27:42,302 INFO mapred.LocalJobRunner: 3 / 3 copied.
2018-08-17 14:27:42,302 INFO mapred.Task: Task attempt_local604545315_0001_r_000000_0 is allowed to commit now
2018-08-17 14:27:42,323 INFO output.FileOutputCommitter: Saved output of task 'attempt_local604545315_0001_r_000000_0' to hdfs://master:54310/user/hduser/lajmet-output16
2018-08-17 14:27:42,324 INFO mapred.LocalJobRunner: reduce > reduce
2018-08-17 14:27:42,324 INFO mapred.Task: Task 'attempt_local604545315_0001_r_000000_0' done.
2018-08-17 14:27:42,325 INFO mapred.Task: Final Counters for attempt_local604545315_0001_r_000000_0: Counters: 29
        File System Counters
                FILE: Number of bytes read=8121228
                FILE: Number of bytes written=8588230
                FILE: Number of read operations=0
                FILE: Number of large read operations=0
                FILE: Number of write operations=0
                HDFS: Number of bytes read=10237556
                HDFS: Number of bytes written=2344543
                HDFS: Number of read operations=14
                HDFS: Number of large read operations=0
                HDFS: Number of write operations=3
        Map-Reduce Framework
                Combine input records=0
                Combine output records=0
                Reduce input groups=149438
                Reduce shuffle bytes=3901888
                Reduce input records=213426
                Reduce output records=149438
                Spilled Records=213426
                Shuffled Maps =3
                Failed Shuffles=0
                Merged Map outputs=3
                GC time elapsed (ms)=5
                Total committed heap usage (bytes)=199823360
        Shuffle Errors
                BAD_ID=0
                CONNECTION=0
                IO_ERROR=0
                WRONG_LENGTH=0
                WRONG_MAP=0
                WRONG_REDUCE=0
        File Output Format Counters
                Bytes Written=2344543
2018-08-17 14:27:42,325 INFO mapred.LocalJobRunner: Finishing task: attempt_local604545315_0001_r_000000_0
2018-08-17 14:27:42,326 INFO mapred.LocalJobRunner: reduce task executor complete.
2018-08-17 14:27:42,343 INFO mapreduce.Job:  map 100% reduce 100%
2018-08-17 14:27:43,343 INFO mapreduce.Job: Job job_local604545315_0001 completed successfully
2018-08-17 14:27:43,356 INFO mapreduce.Job: Counters: 35
        File System Counters
                FILE: Number of bytes read=9072072
                FILE: Number of bytes written=19291346
                FILE: Number of read operations=0
                FILE: Number of large read operations=0
                FILE: Number of write operations=0
                HDFS: Number of bytes read=32826538
                HDFS: Number of bytes written=2344543
                HDFS: Number of read operations=35
                HDFS: Number of large read operations=0
                HDFS: Number of write operations=6
        Map-Reduce Framework
                Map input records=68809
                Map output records=1447950
                Map output bytes=15999724
                Map output materialized bytes=3901888
                Input split bytes=401
                Combine input records=1447950
                Combine output records=213426
                Reduce input groups=149438
                Reduce shuffle bytes=3901888
                Reduce input records=213426
                Reduce output records=149438
                Spilled Records=426852
                Shuffled Maps =3
                Failed Shuffles=0
                Merged Map outputs=3
                GC time elapsed (ms)=94
                Total committed heap usage (bytes)=782516224
        Shuffle Errors
                BAD_ID=0
                CONNECTION=0
                IO_ERROR=0
                WRONG_LENGTH=0
                WRONG_MAP=0
                WRONG_REDUCE=0
        File Input Format Counters
                Bytes Read=10237556
        File Output Format Counters
                Bytes Written=2344543